<?xml version="1.0" encoding="UTF-8"?>
<testng-results ignored="0" total="1" passed="1" failed="0" skipped="0">
  <reporter-output>
  </reporter-output>
  <suite started-at="2022-10-11T18:00:27 PDT" name="Surefire suite" finished-at="2022-10-11T18:00:31 PDT" duration-ms="3418">
    <groups>
      <group name="cucumber">
        <method signature="AbstractTestNGCucumberTests.runScenario(io.cucumber.testng.PickleWrapper,io.cucumber.testng.FeatureWrapper)[pri:0, instance:defaultPackage.RunnerCalculator@1445d7f]" name="runScenario" class="io.cucumber.testng.AbstractTestNGCucumberTests"/>
      </group> <!-- cucumber -->
    </groups>
    <test started-at="2022-10-11T18:00:27 PDT" name="Surefire test" finished-at="2022-10-11T18:00:31 PDT" duration-ms="3418">
      <class name="defaultPackage.RunnerCalculator">
        <test-method is-config="true" signature="setUpClass()[pri:0, instance:defaultPackage.RunnerCalculator@1445d7f]" started-at="2022-10-11T18:00:27 PDT" name="setUpClass" finished-at="2022-10-11T18:00:28 PDT" duration-ms="405" status="PASS">
          <reporter-output>
          </reporter-output>
        </test-method> <!-- setUpClass -->
        <test-method signature="runScenario(io.cucumber.testng.PickleWrapper,io.cucumber.testng.FeatureWrapper)[pri:0, instance:defaultPackage.RunnerCalculator@1445d7f]" started-at="2022-10-11T18:00:28 PDT" name="runScenario" description="Runs Cucumber Scenarios" data-provider="scenarios" finished-at="2022-10-11T18:00:30 PDT" duration-ms="2901" status="PASS">
          <params>
            <param index="0">
              <value>
                <![CDATA["Login error message to salesforce"]]>
              </value>
            </param>
            <param index="1">
              <value>
                <![CDATA["Optional[login feature]"]]>
              </value>
            </param>
          </params>
          <reporter-output>
          </reporter-output>
        </test-method> <!-- runScenario -->
        <test-method is-config="true" signature="tearDownClass()[pri:0, instance:defaultPackage.RunnerCalculator@1445d7f]" started-at="2022-10-11T18:00:30 PDT" name="tearDownClass" finished-at="2022-10-11T18:00:31 PDT" duration-ms="82" status="PASS">
          <reporter-output>
          </reporter-output>
        </test-method> <!-- tearDownClass -->
      </class> <!-- defaultPackage.RunnerCalculator -->
    </test> <!-- Surefire test -->
  </suite> <!-- Surefire suite -->
</testng-results>
